<?xml version="1.0" encoding="UTF-8"?>
<!-- Generated by org.testng.reporters.JUnitXMLReporter -->
<testsuite ignored="0" hostname="Janodya-lap" failures="0" tests="11" name="Default test" time="215.232" errors="0" timestamp="2024-05-26T12:52:25 IST">
  <testcase classname="tests.SignUpEnterpriseTest" name="testValidInputs" time="1.402"/>
  <testcase classname="tests.SignUpEnterpriseTest" name="testMissingRequiredFields" time="4.32"/>
  <testcase classname="tests.SignUpEnterpriseTest" name="testInvalidEmailFormat" time="4.223"/>
  <testcase classname="tests.SignUpEnterpriseTest" name="testInvalidPhoneNumberFormat" time="1.062"/>
  <testcase classname="tests.SignUpEnterpriseTest" name="testInvalidWebsiteURLFormat" time="1.222"/>
  <testcase classname="tests.SignUpEnterpriseTest" name="testLongInputsForFields" time="11.292"/>
  <testcase classname="tests.SignUpEnterpriseTest" name="testUnsupportedCharactersInInputs" time="1.148"/>
  <testcase classname="tests.SignUpEnterpriseTest" name="testDuplicateEmailAddress" time="1.385"/>
  <testcase classname="tests.SignUpEnterpriseTest" name="testInvalidDataTypeForFields" time="1.195"/>
  <testcase classname="tests.SignUpEnterpriseTest" name="testNoInputProvided" time="0.3"/>
  <testcase classname="tests.SignUpEnterpriseTest" name="testInvalidCountrySpecificFields" time="1.168"/>
</testsuite> <!-- Default test -->
