<?xml version="1.0" encoding="UTF-8"?>
<!-- Generated by org.testng.reporters.JUnitXMLReporter -->
<testsuite ignored="0" hostname="Janodya-lap" failures="0" tests="11" name="Default test" time="215.652" errors="0" timestamp="2024-05-21T11:39:01 IST">
  <testcase classname="optiomaxWebTestCases.SignUpEnterpriseTest" name="testValidInputs" time="1.041"/>
  <testcase classname="optiomaxWebTestCases.SignUpEnterpriseTest" name="testMissingRequiredFields" time="4.233"/>
  <testcase classname="optiomaxWebTestCases.SignUpEnterpriseTest" name="testInvalidEmailFormat" time="4.459"/>
  <testcase classname="optiomaxWebTestCases.SignUpEnterpriseTest" name="testInvalidPhoneNumberFormat" time="1.335"/>
  <testcase classname="optiomaxWebTestCases.SignUpEnterpriseTest" name="testInvalidWebsiteURLFormat" time="1.767"/>
  <testcase classname="optiomaxWebTestCases.SignUpEnterpriseTest" name="testLongInputsForFields" time="8.885"/>
  <testcase classname="optiomaxWebTestCases.SignUpEnterpriseTest" name="testUnsupportedCharactersInInputs" time="1.232"/>
  <testcase classname="optiomaxWebTestCases.SignUpEnterpriseTest" name="testDuplicateEmailAddress" time="1.474"/>
  <testcase classname="optiomaxWebTestCases.SignUpEnterpriseTest" name="testInvalidDataTypeForFields" time="1.07"/>
  <testcase classname="optiomaxWebTestCases.SignUpEnterpriseTest" name="testNoInputProvided" time="0.296"/>
  <testcase classname="optiomaxWebTestCases.SignUpEnterpriseTest" name="testInvalidCountrySpecificFields" time="1.186"/>
</testsuite> <!-- Default test -->
