<?xml version="1.0" encoding="UTF-8"?>
<testng-results ignored="0" total="11" passed="11" failed="0" skipped="0">
  <reporter-output>
  </reporter-output>
  <suite started-at="2024-05-21T11:35:25 IST" name="Default suite" finished-at="2024-05-21T11:39:00 IST" duration-ms="215652">
    <groups>
    </groups>
    <test started-at="2024-05-21T11:35:25 IST" name="Default test" finished-at="2024-05-21T11:39:00 IST" duration-ms="215652">
      <class name="optiomaxWebTestCases.SignUpEnterpriseTest">
        <test-method is-config="true" signature="setUp()[pri:0, instance:optiomaxWebTestCases.SignUpEnterpriseTest@6e4784bc]" started-at="2024-05-21T11:35:25 IST" name="setUp" finished-at="2024-05-21T11:35:42 IST" duration-ms="17242" status="PASS">
          <reporter-output>
          </reporter-output>
        </test-method> <!-- setUp -->
        <test-method signature="testValidInputs()[pri:1, instance:optiomaxWebTestCases.SignUpEnterpriseTest@6e4784bc]" started-at="2024-05-21T11:35:42 IST" name="testValidInputs" finished-at="2024-05-21T11:35:43 IST" duration-ms="1041" status="PASS">
          <reporter-output>
          </reporter-output>
        </test-method> <!-- testValidInputs -->
        <test-method is-config="true" signature="tearDown()[pri:0, instance:optiomaxWebTestCases.SignUpEnterpriseTest@6e4784bc]" started-at="2024-05-21T11:35:43 IST" name="tearDown" finished-at="2024-05-21T11:35:44 IST" duration-ms="366" status="PASS">
          <reporter-output>
          </reporter-output>
        </test-method> <!-- tearDown -->
        <test-method is-config="true" signature="setUp()[pri:0, instance:optiomaxWebTestCases.SignUpEnterpriseTest@6e4784bc]" started-at="2024-05-21T11:35:44 IST" name="setUp" finished-at="2024-05-21T11:36:00 IST" duration-ms="16382" status="PASS">
          <reporter-output>
          </reporter-output>
        </test-method> <!-- setUp -->
        <test-method signature="testMissingRequiredFields()[pri:2, instance:optiomaxWebTestCases.SignUpEnterpriseTest@6e4784bc]" started-at="2024-05-21T11:36:00 IST" name="testMissingRequiredFields" finished-at="2024-05-21T11:36:04 IST" duration-ms="4233" status="PASS">
          <reporter-output>
          </reporter-output>
        </test-method> <!-- testMissingRequiredFields -->
        <test-method is-config="true" signature="tearDown()[pri:0, instance:optiomaxWebTestCases.SignUpEnterpriseTest@6e4784bc]" started-at="2024-05-21T11:36:04 IST" name="tearDown" finished-at="2024-05-21T11:36:05 IST" duration-ms="454" status="PASS">
          <reporter-output>
          </reporter-output>
        </test-method> <!-- tearDown -->
        <test-method is-config="true" signature="setUp()[pri:0, instance:optiomaxWebTestCases.SignUpEnterpriseTest@6e4784bc]" started-at="2024-05-21T11:36:05 IST" name="setUp" finished-at="2024-05-21T11:36:21 IST" duration-ms="16212" status="PASS">
          <reporter-output>
          </reporter-output>
        </test-method> <!-- setUp -->
        <test-method signature="testInvalidEmailFormat()[pri:3, instance:optiomaxWebTestCases.SignUpEnterpriseTest@6e4784bc]" started-at="2024-05-21T11:36:21 IST" name="testInvalidEmailFormat" finished-at="2024-05-21T11:36:25 IST" duration-ms="4459" status="PASS">
          <reporter-output>
          </reporter-output>
        </test-method> <!-- testInvalidEmailFormat -->
        <test-method is-config="true" signature="tearDown()[pri:0, instance:optiomaxWebTestCases.SignUpEnterpriseTest@6e4784bc]" started-at="2024-05-21T11:36:25 IST" name="tearDown" finished-at="2024-05-21T11:36:26 IST" duration-ms="413" status="PASS">
          <reporter-output>
          </reporter-output>
        </test-method> <!-- tearDown -->
        <test-method is-config="true" signature="setUp()[pri:0, instance:optiomaxWebTestCases.SignUpEnterpriseTest@6e4784bc]" started-at="2024-05-21T11:36:26 IST" name="setUp" finished-at="2024-05-21T11:36:43 IST" duration-ms="17331" status="PASS">
          <reporter-output>
          </reporter-output>
        </test-method> <!-- setUp -->
        <test-method signature="testInvalidPhoneNumberFormat()[pri:4, instance:optiomaxWebTestCases.SignUpEnterpriseTest@6e4784bc]" started-at="2024-05-21T11:36:43 IST" name="testInvalidPhoneNumberFormat" finished-at="2024-05-21T11:36:44 IST" duration-ms="1335" status="PASS">
          <reporter-output>
          </reporter-output>
        </test-method> <!-- testInvalidPhoneNumberFormat -->
        <test-method is-config="true" signature="tearDown()[pri:0, instance:optiomaxWebTestCases.SignUpEnterpriseTest@6e4784bc]" started-at="2024-05-21T11:36:44 IST" name="tearDown" finished-at="2024-05-21T11:36:45 IST" duration-ms="570" status="PASS">
          <reporter-output>
          </reporter-output>
        </test-method> <!-- tearDown -->
        <test-method is-config="true" signature="setUp()[pri:0, instance:optiomaxWebTestCases.SignUpEnterpriseTest@6e4784bc]" started-at="2024-05-21T11:36:45 IST" name="setUp" finished-at="2024-05-21T11:37:01 IST" duration-ms="16485" status="PASS">
          <reporter-output>
          </reporter-output>
        </test-method> <!-- setUp -->
        <test-method signature="testInvalidWebsiteURLFormat()[pri:5, instance:optiomaxWebTestCases.SignUpEnterpriseTest@6e4784bc]" started-at="2024-05-21T11:37:01 IST" name="testInvalidWebsiteURLFormat" finished-at="2024-05-21T11:37:03 IST" duration-ms="1767" status="PASS">
          <reporter-output>
          </reporter-output>
        </test-method> <!-- testInvalidWebsiteURLFormat -->
        <test-method is-config="true" signature="tearDown()[pri:0, instance:optiomaxWebTestCases.SignUpEnterpriseTest@6e4784bc]" started-at="2024-05-21T11:37:03 IST" name="tearDown" finished-at="2024-05-21T11:37:04 IST" duration-ms="320" status="PASS">
          <reporter-output>
          </reporter-output>
        </test-method> <!-- tearDown -->
        <test-method is-config="true" signature="setUp()[pri:0, instance:optiomaxWebTestCases.SignUpEnterpriseTest@6e4784bc]" started-at="2024-05-21T11:37:04 IST" name="setUp" finished-at="2024-05-21T11:37:20 IST" duration-ms="16639" status="PASS">
          <reporter-output>
          </reporter-output>
        </test-method> <!-- setUp -->
        <test-method signature="testLongInputsForFields()[pri:6, instance:optiomaxWebTestCases.SignUpEnterpriseTest@6e4784bc]" started-at="2024-05-21T11:37:20 IST" name="testLongInputsForFields" finished-at="2024-05-21T11:37:29 IST" duration-ms="8885" status="PASS">
          <reporter-output>
          </reporter-output>
        </test-method> <!-- testLongInputsForFields -->
        <test-method is-config="true" signature="tearDown()[pri:0, instance:optiomaxWebTestCases.SignUpEnterpriseTest@6e4784bc]" started-at="2024-05-21T11:37:29 IST" name="tearDown" finished-at="2024-05-21T11:37:29 IST" duration-ms="287" status="PASS">
          <reporter-output>
          </reporter-output>
        </test-method> <!-- tearDown -->
        <test-method is-config="true" signature="setUp()[pri:0, instance:optiomaxWebTestCases.SignUpEnterpriseTest@6e4784bc]" started-at="2024-05-21T11:37:29 IST" name="setUp" finished-at="2024-05-21T11:37:46 IST" duration-ms="16456" status="PASS">
          <reporter-output>
          </reporter-output>
        </test-method> <!-- setUp -->
        <test-method signature="testUnsupportedCharactersInInputs()[pri:7, instance:optiomaxWebTestCases.SignUpEnterpriseTest@6e4784bc]" started-at="2024-05-21T11:37:46 IST" name="testUnsupportedCharactersInInputs" finished-at="2024-05-21T11:37:47 IST" duration-ms="1232" status="PASS">
          <reporter-output>
          </reporter-output>
        </test-method> <!-- testUnsupportedCharactersInInputs -->
        <test-method is-config="true" signature="tearDown()[pri:0, instance:optiomaxWebTestCases.SignUpEnterpriseTest@6e4784bc]" started-at="2024-05-21T11:37:47 IST" name="tearDown" finished-at="2024-05-21T11:37:47 IST" duration-ms="262" status="PASS">
          <reporter-output>
          </reporter-output>
        </test-method> <!-- tearDown -->
        <test-method is-config="true" signature="setUp()[pri:0, instance:optiomaxWebTestCases.SignUpEnterpriseTest@6e4784bc]" started-at="2024-05-21T11:37:47 IST" name="setUp" finished-at="2024-05-21T11:38:04 IST" duration-ms="16781" status="PASS">
          <reporter-output>
          </reporter-output>
        </test-method> <!-- setUp -->
        <test-method signature="testDuplicateEmailAddress()[pri:8, instance:optiomaxWebTestCases.SignUpEnterpriseTest@6e4784bc]" started-at="2024-05-21T11:38:04 IST" name="testDuplicateEmailAddress" finished-at="2024-05-21T11:38:06 IST" duration-ms="1474" status="PASS">
          <reporter-output>
          </reporter-output>
        </test-method> <!-- testDuplicateEmailAddress -->
        <test-method is-config="true" signature="tearDown()[pri:0, instance:optiomaxWebTestCases.SignUpEnterpriseTest@6e4784bc]" started-at="2024-05-21T11:38:06 IST" name="tearDown" finished-at="2024-05-21T11:38:06 IST" duration-ms="313" status="PASS">
          <reporter-output>
          </reporter-output>
        </test-method> <!-- tearDown -->
        <test-method is-config="true" signature="setUp()[pri:0, instance:optiomaxWebTestCases.SignUpEnterpriseTest@6e4784bc]" started-at="2024-05-21T11:38:06 IST" name="setUp" finished-at="2024-05-21T11:38:22 IST" duration-ms="16511" status="PASS">
          <reporter-output>
          </reporter-output>
        </test-method> <!-- setUp -->
        <test-method signature="testInvalidDataTypeForFields()[pri:9, instance:optiomaxWebTestCases.SignUpEnterpriseTest@6e4784bc]" started-at="2024-05-21T11:38:22 IST" name="testInvalidDataTypeForFields" finished-at="2024-05-21T11:38:23 IST" duration-ms="1070" status="PASS">
          <reporter-output>
          </reporter-output>
        </test-method> <!-- testInvalidDataTypeForFields -->
        <test-method is-config="true" signature="tearDown()[pri:0, instance:optiomaxWebTestCases.SignUpEnterpriseTest@6e4784bc]" started-at="2024-05-21T11:38:23 IST" name="tearDown" finished-at="2024-05-21T11:38:24 IST" duration-ms="326" status="PASS">
          <reporter-output>
          </reporter-output>
        </test-method> <!-- tearDown -->
        <test-method is-config="true" signature="setUp()[pri:0, instance:optiomaxWebTestCases.SignUpEnterpriseTest@6e4784bc]" started-at="2024-05-21T11:38:24 IST" name="setUp" finished-at="2024-05-21T11:38:40 IST" duration-ms="16538" status="PASS">
          <reporter-output>
          </reporter-output>
        </test-method> <!-- setUp -->
        <test-method signature="testNoInputProvided()[pri:10, instance:optiomaxWebTestCases.SignUpEnterpriseTest@6e4784bc]" started-at="2024-05-21T11:38:40 IST" name="testNoInputProvided" finished-at="2024-05-21T11:38:41 IST" duration-ms="296" status="PASS">
          <reporter-output>
          </reporter-output>
        </test-method> <!-- testNoInputProvided -->
        <test-method is-config="true" signature="tearDown()[pri:0, instance:optiomaxWebTestCases.SignUpEnterpriseTest@6e4784bc]" started-at="2024-05-21T11:38:41 IST" name="tearDown" finished-at="2024-05-21T11:38:41 IST" duration-ms="754" status="PASS">
          <reporter-output>
          </reporter-output>
        </test-method> <!-- tearDown -->
        <test-method is-config="true" signature="setUp()[pri:0, instance:optiomaxWebTestCases.SignUpEnterpriseTest@6e4784bc]" started-at="2024-05-21T11:38:41 IST" name="setUp" finished-at="2024-05-21T11:38:59 IST" duration-ms="17680" status="PASS">
          <reporter-output>
          </reporter-output>
        </test-method> <!-- setUp -->
        <test-method signature="testInvalidCountrySpecificFields()[pri:12, instance:optiomaxWebTestCases.SignUpEnterpriseTest@6e4784bc]" started-at="2024-05-21T11:38:59 IST" name="testInvalidCountrySpecificFields" finished-at="2024-05-21T11:39:00 IST" duration-ms="1186" status="PASS">
          <reporter-output>
          </reporter-output>
        </test-method> <!-- testInvalidCountrySpecificFields -->
        <test-method is-config="true" signature="tearDown()[pri:0, instance:optiomaxWebTestCases.SignUpEnterpriseTest@6e4784bc]" started-at="2024-05-21T11:39:00 IST" name="tearDown" finished-at="2024-05-21T11:39:00 IST" duration-ms="256" status="PASS">
          <reporter-output>
          </reporter-output>
        </test-method> <!-- tearDown -->
      </class> <!-- optiomaxWebTestCases.SignUpEnterpriseTest -->
    </test> <!-- Default test -->
  </suite> <!-- Default suite -->
</testng-results>
